[0m2024-03-12 14:36:40 V/Net 3079809050: Invalidate caches because hash file not available.[0m
[0m2024-03-12 14:36:40 V/Net 3079809050: No server list cached.[0m
[92m2024-03-12 14:36:42 I/Net 3079809050: ECDH key is invalid, start to fetch ecdh public key from server.[0m
[92m2024-03-12 14:36:43 I/Net 3079809050: Successfully fetched ecdh public key from server.[0m
[0m2024-03-12 14:36:43 V/Net 3079809050: [AuthControl/acquire] Acquiring auth method[0m
[96m2024-03-12 14:36:43 D/Net 3079809050: [AuthControl/acquire] Authorization responded: Password@1988691219[0m
[0m2024-03-12 14:36:43 V/Net 3079809050: Send: wtlogin.login(9:password-login)[0m
[0m2024-03-12 14:36:43 V/Net 3079809050: Recv: wtlogin.login[0m
[0m2024-03-12 14:37:13 V/Net 3079809050: Send: wtlogin.login(2:submit-slider)[0m
[0m2024-03-12 14:37:13 V/Net 3079809050: Recv: wtlogin.login[0m
[93m2024-03-12 14:37:13 W/Net 3079809050: Failed with auth method: Password@1988691219
net.mamoe.mirai.network.WrongPasswordException: Error(bot=Bot(3079809050), code=237, title=å®‰å…¨æé†’, message=å½“å‰ç½‘ç»œä¸ç¨³å®šï¼Œç™»å½•å¤±è´¥ã€‚æ¨èä½¿ç”¨å¸¸ç”¨è®¾å¤‡æˆ–é€šè¿‡æ‰‹æœºå·ç™»å½•ã€‚, errorInfo=)
	at net.mamoe.mirai.internal.network.components.SsoProcessorImpl$SlowLoginImpl.doLogin(SsoProcessor.kt:490)
	at net.mamoe.mirai.internal.network.components.SsoProcessorImpl$SlowLoginImpl$doLogin$1.invokeSuspend(SsoProcessor.kt)
	at kotlin.coroutines.jvm.internal.BaseContinuationImpl.resumeWith(ContinuationImpl.kt:33)
	at kotlinx.coroutines.internal.ScopeCoroutine.afterResume(Scopes.kt:33)
	at kotlinx.coroutines.AbstractCoroutine.resumeWith(AbstractCoroutine.kt:102)
	at kotlin.coroutines.jvm.internal.BaseContinuationImpl.resumeWith(ContinuationImpl.kt:46)
	at kotlinx.coroutines.DispatchedTask.run(DispatchedTask.kt:106)
	at kotlinx.coroutines.scheduling.CoroutineScheduler.runSafely(CoroutineScheduler.kt:570)
	at kotlinx.coroutines.scheduling.CoroutineScheduler$Worker.executeTask(CoroutineScheduler.kt:750)
	at kotlinx.coroutines.scheduling.CoroutineScheduler$Worker.runWorker(CoroutineScheduler.kt:677)
	at kotlinx.coroutines.scheduling.CoroutineScheduler$Worker.run(CoroutineScheduler.kt:664)
[0m
[0m2024-03-12 14:37:13 V/Net 3079809050: [AuthControl/resume] Fire auth failed with cause: net.mamoe.mirai.network.WrongPasswordException: Error(bot=Bot(3079809050), code=237, title=å®‰å…¨æé†’, message=å½“å‰ç½‘ç»œä¸ç¨³å®šï¼Œç™»å½•å¤±è´¥ã€‚æ¨èä½¿ç”¨å¸¸ç”¨è®¾å¤‡æˆ–é€šè¿‡æ‰‹æœºå·ç™»å½•ã€‚, errorInfo=)[0m
[93m2024-03-12 14:37:13 W/Net 3079809050: Exception in resumeConnection.
net.mamoe.mirai.internal.network.handler.selector.SelectorRequireReconnectException
[0m
[92m2024-03-12 14:37:13 I/Net 3079809050: ECDH key is valid.[0m
[0m2024-03-12 14:37:13 V/Net 3079809050: [AuthControl/acquire] Acquiring auth method[0m
[96m2024-03-12 14:37:13 D/Net 3079809050: [AuthControl/acquire] Authorization responded: Error[net.mamoe.mirai.network.WrongPasswordException: Error(bot=Bot(3079809050), code=237, title=å®‰å…¨æé†’, message=å½“å‰ç½‘ç»œä¸ç¨³å®šï¼Œç™»å½•å¤±è´¥ã€‚æ¨èä½¿ç”¨å¸¸ç”¨è®¾å¤‡æˆ–é€šè¿‡æ‰‹æœºå·ç™»å½•ã€‚, errorInfo=)]@46846538[0m
[93m2024-03-12 14:37:13 W/Net 3079809050: Failed with auth method: Error[net.mamoe.mirai.network.WrongPasswordException: Error(bot=Bot(3079809050), code=237, title=å®‰å…¨æé†’, message=å½“å‰ç½‘ç»œä¸ç¨³å®šï¼Œç™»å½•å¤±è´¥ã€‚æ¨èä½¿ç”¨å¸¸ç”¨è®¾å¤‡æˆ–é€šè¿‡æ‰‹æœºå·ç™»å½•ã€‚, errorInfo=)]@46846538
net.mamoe.mirai.network.BotAuthorizationException: BotAuthorization(BotAuthorization.byPassword(<ERASED>)) threw an exception during authorization process. See cause below.
	at net.mamoe.mirai.internal.network.components.SsoProcessorImpl.login(SsoProcessor.kt:263)
	at net.mamoe.mirai.internal.network.handler.CommonNetworkHandler$StateConnecting$startState$2.invokeSuspend(CommonNetworkHandler.kt:247)
	at kotlin.coroutines.jvm.internal.BaseContinuationImpl.resumeWith(ContinuationImpl.kt:33)
	at kotlinx.coroutines.DispatchedTask.run(DispatchedTask.kt:106)
	at kotlinx.coroutines.scheduling.CoroutineScheduler.runSafely(CoroutineScheduler.kt:570)
	at kotlinx.coroutines.scheduling.CoroutineScheduler$Worker.executeTask(CoroutineScheduler.kt:750)
	at kotlinx.coroutines.scheduling.CoroutineScheduler$Worker.runWorker(CoroutineScheduler.kt:677)
	at kotlinx.coroutines.scheduling.CoroutineScheduler$Worker.run(CoroutineScheduler.kt:664)
Caused by: net.mamoe.mirai.network.WrongPasswordException: Error(bot=Bot(3079809050), code=237, title=å®‰å…¨æé†’, message=å½“å‰ç½‘ç»œä¸ç¨³å®šï¼Œç™»å½•å¤±è´¥ã€‚æ¨èä½¿ç”¨å¸¸ç”¨è®¾å¤‡æˆ–é€šè¿‡æ‰‹æœºå·ç™»å½•ã€‚, errorInfo=)
	at net.mamoe.mirai.internal.network.components.SsoProcessorImpl$SlowLoginImpl.doLogin(SsoProcessor.kt:490)
	at net.mamoe.mirai.internal.network.components.SsoProcessorImpl$SlowLoginImpl$doLogin$1.invokeSuspend(SsoProcessor.kt)
	at kotlin.coroutines.jvm.internal.BaseContinuationImpl.resumeWith(ContinuationImpl.kt:33)
	at kotlinx.coroutines.internal.ScopeCoroutine.afterResume(Scopes.kt:33)
	at kotlinx.coroutines.AbstractCoroutine.resumeWith(AbstractCoroutine.kt:102)
	at kotlin.coroutines.jvm.internal.BaseContinuationImpl.resumeWith(ContinuationImpl.kt:46)
	... 5 more
[0m
[93m2024-03-12 14:37:13 W/Net 3079809050: Exception in resumeConnection.
net.mamoe.mirai.internal.network.components.LoginFailedExceptionAsNetworkException: BotAuthorization(BotAuthorization.byPassword(<ERASED>)) threw an exception during authorization process. See cause below.
	at net.mamoe.mirai.internal.network.handler.CommonNetworkHandler$StateConnecting$startState$2.invokeSuspend(CommonNetworkHandler.kt:249)
	at kotlin.coroutines.jvm.internal.BaseContinuationImpl.resumeWith(ContinuationImpl.kt:33)
	at kotlinx.coroutines.DispatchedTask.run(DispatchedTask.kt:106)
	at kotlinx.coroutines.scheduling.CoroutineScheduler.runSafely(CoroutineScheduler.kt:570)
	at kotlinx.coroutines.scheduling.CoroutineScheduler$Worker.executeTask(CoroutineScheduler.kt:750)
	at kotlinx.coroutines.scheduling.CoroutineScheduler$Worker.runWorker(CoroutineScheduler.kt:677)
	at kotlinx.coroutines.scheduling.CoroutineScheduler$Worker.run(CoroutineScheduler.kt:664)
Caused by: net.mamoe.mirai.network.BotAuthorizationException: BotAuthorization(BotAuthorization.byPassword(<ERASED>)) threw an exception during authorization process. See cause below.
	at net.mamoe.mirai.internal.network.components.SsoProcessorImpl.login(SsoProcessor.kt:263)
	at net.mamoe.mirai.internal.network.handler.CommonNetworkHandler$StateConnecting$startState$2.invokeSuspend(CommonNetworkHandler.kt:247)
	... 6 more
	Suppressed: net.mamoe.mirai.network.WrongPasswordException: Error(bot=Bot(3079809050), code=237, title=å®‰å…¨æé†’, message=å½“å‰ç½‘ç»œä¸ç¨³å®šï¼Œç™»å½•å¤±è´¥ã€‚æ¨èä½¿ç”¨å¸¸ç”¨è®¾å¤‡æˆ–é€šè¿‡æ‰‹æœºå·ç™»å½•ã€‚, errorInfo=)
		at net.mamoe.mirai.internal.network.components.SsoProcessorImpl$SlowLoginImpl.doLogin(SsoProcessor.kt:490)
		at net.mamoe.mirai.internal.network.components.SsoProcessorImpl$SlowLoginImpl$doLogin$1.invokeSuspend(SsoProcessor.kt)
		at kotlin.coroutines.jvm.internal.BaseContinuationImpl.resumeWith(ContinuationImpl.kt:33)
		at kotlinx.coroutines.internal.ScopeCoroutine.afterResume(Scopes.kt:33)
		at kotlinx.coroutines.AbstractCoroutine.resumeWith(AbstractCoroutine.kt:102)
		at kotlin.coroutines.jvm.internal.BaseContinuationImpl.resumeWith(ContinuationImpl.kt:46)
		... 5 more
Caused by: [CIRCULAR REFERENCE: net.mamoe.mirai.network.WrongPasswordException: Error(bot=Bot(3079809050), code=237, title=å®‰å…¨æé†’, message=å½“å‰ç½‘ç»œä¸ç¨³å®šï¼Œç™»å½•å¤±è´¥ã€‚æ¨èä½¿ç”¨å¸¸ç”¨è®¾å¤‡æˆ–é€šè¿‡æ‰‹æœºå·ç™»å½•ã€‚, errorInfo=)]
[0m
[93m2024-03-12 14:37:13 W/Net 3079809050: Network selector received exception, closing bot. (net.mamoe.mirai.internal.network.components.LoginFailedExceptionAsNetworkException: BotAuthorization(BotAuthorization.byPassword(<ERASED>)) threw an exception during authorization process. See cause below.)[0m
[0m2024-03-12 14:37:19 V/Net 3079809050: Validated caches.[0m
[0m2024-03-12 14:37:19 V/Net 3079809050: No server list cached.[0m
[92m2024-03-12 14:37:19 I/Net 3079809050: ECDH key is invalid, start to fetch ecdh public key from server.[0m
[92m2024-03-12 14:37:19 I/Net 3079809050: Successfully fetched ecdh public key from server.[0m
[0m2024-03-12 14:37:19 V/Net 3079809050: [AuthControl/acquire] Acquiring auth method[0m
[96m2024-03-12 14:37:19 D/Net 3079809050: [AuthControl/acquire] Authorization responded: Password@365713198[0m
[0m2024-03-12 14:37:19 V/Net 3079809050: Send: wtlogin.login(9:password-login)[0m
[0m2024-03-12 14:37:19 V/Net 3079809050: Recv: wtlogin.login[0m
[93m2024-03-12 14:37:44 W/Net 3079809050: Failed with auth method: Password@365713198
com.kasukusakura.mlss.resolver.UnsafeDeviceLoginVerifyCancelledException: Cancelled
	at mirai-login-solver-sakura-0.0.12.mirai2.jar//com.kasukusakura.mlss.resolver.SakuraLoginSolver.onSolveSliderCaptcha$mirai_login_solver_sakura(SakuraLoginSolver.kt:174)
	at mirai-login-solver-sakura-0.0.12.mirai2.jar//com.kasukusakura.mlss.resolver.SakuraLoginSolver$onSolveSliderCaptcha$2.invokeSuspend(SakuraLoginSolver.kt)
	at kotlin.coroutines.jvm.internal.BaseContinuationImpl.resumeWith(ContinuationImpl.kt:33)
	at kotlinx.coroutines.DispatchedTask.run(DispatchedTask.kt:106)
	at kotlinx.coroutines.scheduling.CoroutineScheduler.runSafely(CoroutineScheduler.kt:570)
	at kotlinx.coroutines.scheduling.CoroutineScheduler$Worker.executeTask(CoroutineScheduler.kt:750)
	at kotlinx.coroutines.scheduling.CoroutineScheduler$Worker.runWorker(CoroutineScheduler.kt:677)
	at kotlinx.coroutines.scheduling.CoroutineScheduler$Worker.run(CoroutineScheduler.kt:664)
[0m
[0m2024-03-12 14:37:44 V/Net 3079809050: [AuthControl/resume] Fire auth failed with cause: com.kasukusakura.mlss.resolver.UnsafeDeviceLoginVerifyCancelledException: Cancelled[0m
[93m2024-03-12 14:37:44 W/Net 3079809050: Exception in resumeConnection.
net.mamoe.mirai.internal.network.handler.selector.SelectorRequireReconnectException
[0m
[92m2024-03-12 14:37:45 I/Net 3079809050: ECDH key is valid.[0m
[0m2024-03-12 14:37:45 V/Net 3079809050: [AuthControl/acquire] Acquiring auth method[0m
[96m2024-03-12 14:37:45 D/Net 3079809050: [AuthControl/acquire] Authorization responded: Error[com.kasukusakura.mlss.resolver.UnsafeDeviceLoginVerifyCancelledException: Cancelled]@1985168505[0m
[93m2024-03-12 14:37:45 W/Net 3079809050: Failed with auth method: Error[com.kasukusakura.mlss.resolver.UnsafeDeviceLoginVerifyCancelledException: Cancelled]@1985168505
net.mamoe.mirai.network.BotAuthorizationException: BotAuthorization(BotAuthorization.byPassword(<ERASED>)) threw an exception during authorization process. See cause below.
	at net.mamoe.mirai.internal.network.components.SsoProcessorImpl.login(SsoProcessor.kt:263)
	at net.mamoe.mirai.internal.network.handler.CommonNetworkHandler$StateConnecting$startState$2.invokeSuspend(CommonNetworkHandler.kt:247)
	at kotlin.coroutines.jvm.internal.BaseContinuationImpl.resumeWith(ContinuationImpl.kt:33)
	at kotlinx.coroutines.DispatchedTask.run(DispatchedTask.kt:106)
	at kotlinx.coroutines.scheduling.CoroutineScheduler.runSafely(CoroutineScheduler.kt:570)
	at kotlinx.coroutines.scheduling.CoroutineScheduler$Worker.executeTask(CoroutineScheduler.kt:750)
	at kotlinx.coroutines.scheduling.CoroutineScheduler$Worker.runWorker(CoroutineScheduler.kt:677)
	at kotlinx.coroutines.scheduling.CoroutineScheduler$Worker.run(CoroutineScheduler.kt:664)
Caused by: com.kasukusakura.mlss.resolver.UnsafeDeviceLoginVerifyCancelledException: Cancelled
	at mirai-login-solver-sakura-0.0.12.mirai2.jar//com.kasukusakura.mlss.resolver.SakuraLoginSolver.onSolveSliderCaptcha$mirai_login_solver_sakura(SakuraLoginSolver.kt:174)
	at mirai-login-solver-sakura-0.0.12.mirai2.jar//com.kasukusakura.mlss.resolver.SakuraLoginSolver$onSolveSliderCaptcha$2.invokeSuspend(SakuraLoginSolver.kt)
	... 6 more
[0m
[93m2024-03-12 14:37:45 W/Net 3079809050: Exception in resumeConnection.
net.mamoe.mirai.internal.network.components.LoginFailedExceptionAsNetworkException: BotAuthorization(BotAuthorization.byPassword(<ERASED>)) threw an exception during authorization process. See cause below.
	at net.mamoe.mirai.internal.network.handler.CommonNetworkHandler$StateConnecting$startState$2.invokeSuspend(CommonNetworkHandler.kt:249)
	at kotlin.coroutines.jvm.internal.BaseContinuationImpl.resumeWith(ContinuationImpl.kt:33)
	at kotlinx.coroutines.DispatchedTask.run(DispatchedTask.kt:106)
	at kotlinx.coroutines.scheduling.CoroutineScheduler.runSafely(CoroutineScheduler.kt:570)
	at kotlinx.coroutines.scheduling.CoroutineScheduler$Worker.executeTask(CoroutineScheduler.kt:750)
	at kotlinx.coroutines.scheduling.CoroutineScheduler$Worker.runWorker(CoroutineScheduler.kt:677)
	at kotlinx.coroutines.scheduling.CoroutineScheduler$Worker.run(CoroutineScheduler.kt:664)
Caused by: net.mamoe.mirai.network.BotAuthorizationException: BotAuthorization(BotAuthorization.byPassword(<ERASED>)) threw an exception during authorization process. See cause below.
	at net.mamoe.mirai.internal.network.components.SsoProcessorImpl.login(SsoProcessor.kt:263)
	at net.mamoe.mirai.internal.network.handler.CommonNetworkHandler$StateConnecting$startState$2.invokeSuspend(CommonNetworkHandler.kt:247)
	... 6 more
	Suppressed: com.kasukusakura.mlss.resolver.UnsafeDeviceLoginVerifyCancelledException: Cancelled
		at mirai-login-solver-sakura-0.0.12.mirai2.jar//com.kasukusakura.mlss.resolver.SakuraLoginSolver.onSolveSliderCaptcha$mirai_login_solver_sakura(SakuraLoginSolver.kt:174)
		at mirai-login-solver-sakura-0.0.12.mirai2.jar//com.kasukusakura.mlss.resolver.SakuraLoginSolver$onSolveSliderCaptcha$2.invokeSuspend(SakuraLoginSolver.kt)
		... 6 more
Caused by: [CIRCULAR REFERENCE: com.kasukusakura.mlss.resolver.UnsafeDeviceLoginVerifyCancelledException: Cancelled]
[0m
[93m2024-03-12 14:37:45 W/Net 3079809050: Network selector received exception, closing bot. (net.mamoe.mirai.internal.network.components.LoginFailedExceptionAsNetworkException: BotAuthorization(BotAuthorization.byPassword(<ERASED>)) threw an exception during authorization process. See cause below.)[0m
[0m2024-03-12 14:37:47 V/Net 3079809050: Validated caches.[0m
[0m2024-03-12 14:37:47 V/Net 3079809050: No server list cached.[0m
[93m2024-03-12 14:37:52 W/Net 3079809050: Cannot get qimei from server.
net.mamoe.mirai.internal.deps.io.ktor.client.plugins.HttpRequestTimeoutException: Request timeout has expired [url=https://snowflake.qq.com/ola/android, request_timeout=5000 ms]
	at net.mamoe.mirai.internal.deps.io.ktor.client.plugins.HttpTimeout$Plugin$install$1$1$killer$1.invokeSuspend(HttpTimeout.kt:163)
	at kotlin.coroutines.jvm.internal.BaseContinuationImpl.resumeWith(ContinuationImpl.kt:33)
	at kotlinx.coroutines.DispatchedTask.run(DispatchedTask.kt:106)
	at kotlinx.coroutines.internal.LimitedDispatcher.run(LimitedDispatcher.kt:42)
	at kotlinx.coroutines.scheduling.TaskImpl.run(Tasks.kt:95)
	at kotlinx.coroutines.scheduling.CoroutineScheduler.runSafely(CoroutineScheduler.kt:570)
	at kotlinx.coroutines.scheduling.CoroutineScheduler$Worker.executeTask(CoroutineScheduler.kt:750)
	at kotlinx.coroutines.scheduling.CoroutineScheduler$Worker.runWorker(CoroutineScheduler.kt:677)
	at kotlinx.coroutines.scheduling.CoroutineScheduler$Worker.run(CoroutineScheduler.kt:664)
[0m
[92m2024-03-12 14:37:52 I/Net 3079809050: ECDH key is invalid, start to fetch ecdh public key from server.[0m
[91m2024-03-12 14:38:02 E/Net 3079809050: Failed to fetch ECDH public key from server, using default key instead
kotlinx.coroutines.TimeoutCancellationException: Timed out waiting for 10000 ms
	at kotlinx.coroutines.TimeoutKt.TimeoutCancellationException(Timeout.kt:184)
	at kotlinx.coroutines.TimeoutCoroutine.run(Timeout.kt:154)
	at kotlinx.coroutines.EventLoopImplBase$DelayedRunnableTask.run(EventLoop.common.kt:508)
	at kotlinx.coroutines.EventLoopImplBase.processNextEvent(EventLoop.common.kt:284)
	at kotlinx.coroutines.DefaultExecutor.run(DefaultExecutor.kt:108)
	at java.base/java.lang.Thread.run(Unknown Source)
[0m
[0m2024-03-12 14:38:02 V/Net 3079809050: [AuthControl/acquire] Acquiring auth method[0m
[96m2024-03-12 14:38:02 D/Net 3079809050: [AuthControl/acquire] Authorization responded: Password@145390344[0m
[0m2024-03-12 14:38:02 V/Net 3079809050: Send: wtlogin.login(9:password-login)[0m
[0m2024-03-12 14:38:02 V/Net 3079809050: Recv: wtlogin.login[0m
[0m2024-03-12 14:38:13 V/Net 3079809050: Send: wtlogin.login(2:submit-slider)[0m
[0m2024-03-12 14:38:13 V/Net 3079809050: Recv: wtlogin.login[0m
[93m2024-03-12 14:38:13 W/Net 3079809050: Failed with auth method: Password@145390344
net.mamoe.mirai.network.WrongPasswordException: Error(bot=Bot(3079809050), code=237, title=å®‰å…¨æé†’, message=å½“å‰ç½‘ç»œä¸ç¨³å®šï¼Œç™»å½•å¤±è´¥ã€‚æ¨èä½¿ç”¨å¸¸ç”¨è®¾å¤‡æˆ–é€šè¿‡æ‰‹æœºå·ç™»å½•ã€‚, errorInfo=)
	at net.mamoe.mirai.internal.network.components.SsoProcessorImpl$SlowLoginImpl.doLogin(SsoProcessor.kt:490)
	at net.mamoe.mirai.internal.network.components.SsoProcessorImpl$SlowLoginImpl$doLogin$1.invokeSuspend(SsoProcessor.kt)
	at kotlin.coroutines.jvm.internal.BaseContinuationImpl.resumeWith(ContinuationImpl.kt:33)
	at kotlinx.coroutines.internal.ScopeCoroutine.afterResume(Scopes.kt:33)
	at kotlinx.coroutines.AbstractCoroutine.resumeWith(AbstractCoroutine.kt:102)
	at kotlin.coroutines.jvm.internal.BaseContinuationImpl.resumeWith(ContinuationImpl.kt:46)
	at kotlinx.coroutines.DispatchedTask.run(DispatchedTask.kt:106)
	at kotlinx.coroutines.scheduling.CoroutineScheduler.runSafely(CoroutineScheduler.kt:570)
	at kotlinx.coroutines.scheduling.CoroutineScheduler$Worker.executeTask(CoroutineScheduler.kt:750)
	at kotlinx.coroutines.scheduling.CoroutineScheduler$Worker.runWorker(CoroutineScheduler.kt:677)
	at kotlinx.coroutines.scheduling.CoroutineScheduler$Worker.run(CoroutineScheduler.kt:664)
[0m
[0m2024-03-12 14:38:13 V/Net 3079809050: [AuthControl/resume] Fire auth failed with cause: net.mamoe.mirai.network.WrongPasswordException: Error(bot=Bot(3079809050), code=237, title=å®‰å…¨æé†’, message=å½“å‰ç½‘ç»œä¸ç¨³å®šï¼Œç™»å½•å¤±è´¥ã€‚æ¨èä½¿ç”¨å¸¸ç”¨è®¾å¤‡æˆ–é€šè¿‡æ‰‹æœºå·ç™»å½•ã€‚, errorInfo=)[0m
[93m2024-03-12 14:38:13 W/Net 3079809050: Exception in resumeConnection.
net.mamoe.mirai.internal.network.handler.selector.SelectorRequireReconnectException
[0m
[92m2024-03-12 14:38:13 I/Net 3079809050: ECDH key is invalid, start to fetch ecdh public key from server.[0m
[92m2024-03-12 14:38:13 I/Net 3079809050: Successfully fetched ecdh public key from server.[0m
[0m2024-03-12 14:38:13 V/Net 3079809050: [AuthControl/acquire] Acquiring auth method[0m
[96m2024-03-12 14:38:13 D/Net 3079809050: [AuthControl/acquire] Authorization responded: Error[net.mamoe.mirai.network.WrongPasswordException: Error(bot=Bot(3079809050), code=237, title=å®‰å…¨æé†’, message=å½“å‰ç½‘ç»œä¸ç¨³å®šï¼Œç™»å½•å¤±è´¥ã€‚æ¨èä½¿ç”¨å¸¸ç”¨è®¾å¤‡æˆ–é€šè¿‡æ‰‹æœºå·ç™»å½•ã€‚, errorInfo=)]@1261666075[0m
[93m2024-03-12 14:38:13 W/Net 3079809050: Failed with auth method: Error[net.mamoe.mirai.network.WrongPasswordException: Error(bot=Bot(3079809050), code=237, title=å®‰å…¨æé†’, message=å½“å‰ç½‘ç»œä¸ç¨³å®šï¼Œç™»å½•å¤±è´¥ã€‚æ¨èä½¿ç”¨å¸¸ç”¨è®¾å¤‡æˆ–é€šè¿‡æ‰‹æœºå·ç™»å½•ã€‚, errorInfo=)]@1261666075
net.mamoe.mirai.network.BotAuthorizationException: BotAuthorization(BotAuthorization.byPassword(<ERASED>)) threw an exception during authorization process. See cause below.
	at net.mamoe.mirai.internal.network.components.SsoProcessorImpl.login(SsoProcessor.kt:263)
	at net.mamoe.mirai.internal.network.components.SsoProcessorImpl$login$1.invokeSuspend(SsoProcessor.kt)
	at kotlin.coroutines.jvm.internal.BaseContinuationImpl.resumeWith(ContinuationImpl.kt:33)
	at kotlinx.coroutines.internal.ScopeCoroutine.afterResume(Scopes.kt:33)
	at kotlinx.coroutines.AbstractCoroutine.resumeWith(AbstractCoroutine.kt:102)
	at kotlin.coroutines.jvm.internal.BaseContinuationImpl.resumeWith(ContinuationImpl.kt:46)
	at kotlinx.coroutines.DispatchedTask.run(DispatchedTask.kt:106)
	at kotlinx.coroutines.scheduling.CoroutineScheduler.runSafely(CoroutineScheduler.kt:570)
	at kotlinx.coroutines.scheduling.CoroutineScheduler$Worker.executeTask(CoroutineScheduler.kt:750)
	at kotlinx.coroutines.scheduling.CoroutineScheduler$Worker.runWorker(CoroutineScheduler.kt:677)
	at kotlinx.coroutines.scheduling.CoroutineScheduler$Worker.run(CoroutineScheduler.kt:664)
Caused by: net.mamoe.mirai.network.WrongPasswordException: Error(bot=Bot(3079809050), code=237, title=å®‰å…¨æé†’, message=å½“å‰ç½‘ç»œä¸ç¨³å®šï¼Œç™»å½•å¤±è´¥ã€‚æ¨èä½¿ç”¨å¸¸ç”¨è®¾å¤‡æˆ–é€šè¿‡æ‰‹æœºå·ç™»å½•ã€‚, errorInfo=)
	at net.mamoe.mirai.internal.network.components.SsoProcessorImpl$SlowLoginImpl.doLogin(SsoProcessor.kt:490)
	at net.mamoe.mirai.internal.network.components.SsoProcessorImpl$SlowLoginImpl$doLogin$1.invokeSuspend(SsoProcessor.kt)
	... 9 more
[0m
[93m2024-03-12 14:38:13 W/Net 3079809050: Exception in resumeConnection.
net.mamoe.mirai.internal.network.components.LoginFailedExceptionAsNetworkException: BotAuthorization(BotAuthorization.byPassword(<ERASED>)) threw an exception during authorization process. See cause below.
	at net.mamoe.mirai.internal.network.handler.CommonNetworkHandler$StateConnecting$startState$2.invokeSuspend(CommonNetworkHandler.kt:249)
	at kotlin.coroutines.jvm.internal.BaseContinuationImpl.resumeWith(ContinuationImpl.kt:33)
	at kotlinx.coroutines.internal.ScopeCoroutine.afterResume(Scopes.kt:33)
	at kotlinx.coroutines.AbstractCoroutine.resumeWith(AbstractCoroutine.kt:102)
	at kotlin.coroutines.jvm.internal.BaseContinuationImpl.resumeWith(ContinuationImpl.kt:46)
	at kotlinx.coroutines.DispatchedTask.run(DispatchedTask.kt:106)
	at kotlinx.coroutines.scheduling.CoroutineScheduler.runSafely(CoroutineScheduler.kt:570)
	at kotlinx.coroutines.scheduling.CoroutineScheduler$Worker.executeTask(CoroutineScheduler.kt:750)
	at kotlinx.coroutines.scheduling.CoroutineScheduler$Worker.runWorker(CoroutineScheduler.kt:677)
	at kotlinx.coroutines.scheduling.CoroutineScheduler$Worker.run(CoroutineScheduler.kt:664)
Caused by: net.mamoe.mirai.network.BotAuthorizationException: BotAuthorization(BotAuthorization.byPassword(<ERASED>)) threw an exception during authorization process. See cause below.
	at net.mamoe.mirai.internal.network.components.SsoProcessorImpl.login(SsoProcessor.kt:263)
	at net.mamoe.mirai.internal.network.components.SsoProcessorImpl$login$1.invokeSuspend(SsoProcessor.kt)
	... 9 more
	Suppressed: net.mamoe.mirai.network.WrongPasswordException: Error(bot=Bot(3079809050), code=237, title=å®‰å…¨æé†’, message=å½“å‰ç½‘ç»œä¸ç¨³å®šï¼Œç™»å½•å¤±è´¥ã€‚æ¨èä½¿ç”¨å¸¸ç”¨è®¾å¤‡æˆ–é€šè¿‡æ‰‹æœºå·ç™»å½•ã€‚, errorInfo=)
		at net.mamoe.mirai.internal.network.components.SsoProcessorImpl$SlowLoginImpl.doLogin(SsoProcessor.kt:490)
		at net.mamoe.mirai.internal.network.components.SsoProcessorImpl$SlowLoginImpl$doLogin$1.invokeSuspend(SsoProcessor.kt)
		... 9 more
Caused by: [CIRCULAR REFERENCE: net.mamoe.mirai.network.WrongPasswordException: Error(bot=Bot(3079809050), code=237, title=å®‰å…¨æé†’, message=å½“å‰ç½‘ç»œä¸ç¨³å®šï¼Œç™»å½•å¤±è´¥ã€‚æ¨èä½¿ç”¨å¸¸ç”¨è®¾å¤‡æˆ–é€šè¿‡æ‰‹æœºå·ç™»å½•ã€‚, errorInfo=)]
[0m
[93m2024-03-12 14:38:13 W/Net 3079809050: Network selector received exception, closing bot. (net.mamoe.mirai.internal.network.components.LoginFailedExceptionAsNetworkException: BotAuthorization(BotAuthorization.byPassword(<ERASED>)) threw an exception during authorization process. See cause below.)[0m
[0m2024-03-12 14:43:10 V/Net 3079809050: Hash not match. Invaliding caches.....[0m
[0m2024-03-12 14:43:10 V/Net 3079809050: No server list cached.[0m
[92m2024-03-12 14:43:14 I/Net 3079809050: ECDH key is invalid, start to fetch ecdh public key from server.[0m
[92m2024-03-12 14:43:15 I/Net 3079809050: Successfully fetched ecdh public key from server.[0m
[0m2024-03-12 14:43:15 V/Net 3079809050: [AuthControl/acquire] Acquiring auth method[0m
[96m2024-03-12 14:43:15 D/Net 3079809050: [AuthControl/acquire] Authorization responded: Password@2076987534[0m
[0m2024-03-12 14:43:16 V/Net 3079809050: Send: wtlogin.login(9:password-login)[0m
[0m2024-03-12 14:43:16 V/Net 3079809050: Recv: wtlogin.login[0m
[0m2024-03-12 14:43:27 V/Net 3079809050: Send: wtlogin.login(2:submit-slider)[0m
[0m2024-03-12 14:43:27 V/Net 3079809050: Recv: wtlogin.login[0m
[93m2024-03-12 14:43:27 W/Net 3079809050: Failed with auth method: Password@2076987534
net.mamoe.mirai.network.WrongPasswordException: Error(bot=Bot(3079809050), code=237, title=å®‰å…¨æé†’, message=å½“å‰ç½‘ç»œä¸ç¨³å®šï¼Œç™»å½•å¤±è´¥ã€‚æ¨èä½¿ç”¨å¸¸ç”¨è®¾å¤‡æˆ–é€šè¿‡æ‰‹æœºå·ç™»å½•ã€‚, errorInfo=)
	at net.mamoe.mirai.internal.network.components.SsoProcessorImpl$SlowLoginImpl.doLogin(SsoProcessor.kt:490)
	at net.mamoe.mirai.internal.network.components.SsoProcessorImpl$SlowLoginImpl$doLogin$1.invokeSuspend(SsoProcessor.kt)
	at kotlin.coroutines.jvm.internal.BaseContinuationImpl.resumeWith(ContinuationImpl.kt:33)
	at kotlinx.coroutines.internal.ScopeCoroutine.afterResume(Scopes.kt:33)
	at kotlinx.coroutines.AbstractCoroutine.resumeWith(AbstractCoroutine.kt:102)
	at kotlin.coroutines.jvm.internal.BaseContinuationImpl.resumeWith(ContinuationImpl.kt:46)
	at kotlinx.coroutines.DispatchedTask.run(DispatchedTask.kt:106)
	at kotlinx.coroutines.scheduling.CoroutineScheduler.runSafely(CoroutineScheduler.kt:570)
	at kotlinx.coroutines.scheduling.CoroutineScheduler$Worker.executeTask(CoroutineScheduler.kt:750)
	at kotlinx.coroutines.scheduling.CoroutineScheduler$Worker.runWorker(CoroutineScheduler.kt:677)
	at kotlinx.coroutines.scheduling.CoroutineScheduler$Worker.run(CoroutineScheduler.kt:664)
[0m
[0m2024-03-12 14:43:27 V/Net 3079809050: [AuthControl/resume] Fire auth failed with cause: net.mamoe.mirai.network.WrongPasswordException: Error(bot=Bot(3079809050), code=237, title=å®‰å…¨æé†’, message=å½“å‰ç½‘ç»œä¸ç¨³å®šï¼Œç™»å½•å¤±è´¥ã€‚æ¨èä½¿ç”¨å¸¸ç”¨è®¾å¤‡æˆ–é€šè¿‡æ‰‹æœºå·ç™»å½•ã€‚, errorInfo=)[0m
[93m2024-03-12 14:43:27 W/Net 3079809050: Exception in resumeConnection.
net.mamoe.mirai.internal.network.handler.selector.SelectorRequireReconnectException
[0m
[92m2024-03-12 14:43:27 I/Net 3079809050: ECDH key is valid.[0m
[0m2024-03-12 14:43:27 V/Net 3079809050: [AuthControl/acquire] Acquiring auth method[0m
[96m2024-03-12 14:43:27 D/Net 3079809050: [AuthControl/acquire] Authorization responded: Error[net.mamoe.mirai.network.WrongPasswordException: Error(bot=Bot(3079809050), code=237, title=å®‰å…¨æé†’, message=å½“å‰ç½‘ç»œä¸ç¨³å®šï¼Œç™»å½•å¤±è´¥ã€‚æ¨èä½¿ç”¨å¸¸ç”¨è®¾å¤‡æˆ–é€šè¿‡æ‰‹æœºå·ç™»å½•ã€‚, errorInfo=)]@1153775732[0m
[93m2024-03-12 14:43:27 W/Net 3079809050: Failed with auth method: Error[net.mamoe.mirai.network.WrongPasswordException: Error(bot=Bot(3079809050), code=237, title=å®‰å…¨æé†’, message=å½“å‰ç½‘ç»œä¸ç¨³å®šï¼Œç™»å½•å¤±è´¥ã€‚æ¨èä½¿ç”¨å¸¸ç”¨è®¾å¤‡æˆ–é€šè¿‡æ‰‹æœºå·ç™»å½•ã€‚, errorInfo=)]@1153775732
net.mamoe.mirai.network.BotAuthorizationException: BotAuthorization(BotAuthorization.byPassword(<ERASED>)) threw an exception during authorization process. See cause below.
	at net.mamoe.mirai.internal.network.components.SsoProcessorImpl.login(SsoProcessor.kt:263)
	at net.mamoe.mirai.internal.network.handler.CommonNetworkHandler$StateConnecting$startState$2.invokeSuspend(CommonNetworkHandler.kt:247)
	at kotlin.coroutines.jvm.internal.BaseContinuationImpl.resumeWith(ContinuationImpl.kt:33)
	at kotlinx.coroutines.DispatchedTask.run(DispatchedTask.kt:106)
	at kotlinx.coroutines.scheduling.CoroutineScheduler.runSafely(CoroutineScheduler.kt:570)
	at kotlinx.coroutines.scheduling.CoroutineScheduler$Worker.executeTask(CoroutineScheduler.kt:750)
	at kotlinx.coroutines.scheduling.CoroutineScheduler$Worker.runWorker(CoroutineScheduler.kt:677)
	at kotlinx.coroutines.scheduling.CoroutineScheduler$Worker.run(CoroutineScheduler.kt:664)
Caused by: net.mamoe.mirai.network.WrongPasswordException: Error(bot=Bot(3079809050), code=237, title=å®‰å…¨æé†’, message=å½“å‰ç½‘ç»œä¸ç¨³å®šï¼Œç™»å½•å¤±è´¥ã€‚æ¨èä½¿ç”¨å¸¸ç”¨è®¾å¤‡æˆ–é€šè¿‡æ‰‹æœºå·ç™»å½•ã€‚, errorInfo=)
	at net.mamoe.mirai.internal.network.components.SsoProcessorImpl$SlowLoginImpl.doLogin(SsoProcessor.kt:490)
	at net.mamoe.mirai.internal.network.components.SsoProcessorImpl$SlowLoginImpl$doLogin$1.invokeSuspend(SsoProcessor.kt)
	at kotlin.coroutines.jvm.internal.BaseContinuationImpl.resumeWith(ContinuationImpl.kt:33)
	at kotlinx.coroutines.internal.ScopeCoroutine.afterResume(Scopes.kt:33)
	at kotlinx.coroutines.AbstractCoroutine.resumeWith(AbstractCoroutine.kt:102)
	at kotlin.coroutines.jvm.internal.BaseContinuationImpl.resumeWith(ContinuationImpl.kt:46)
	... 5 more
[0m
[93m2024-03-12 14:43:27 W/Net 3079809050: Exception in resumeConnection.
net.mamoe.mirai.internal.network.components.LoginFailedExceptionAsNetworkException: BotAuthorization(BotAuthorization.byPassword(<ERASED>)) threw an exception during authorization process. See cause below.
	at net.mamoe.mirai.internal.network.handler.CommonNetworkHandler$StateConnecting$startState$2.invokeSuspend(CommonNetworkHandler.kt:249)
	at kotlin.coroutines.jvm.internal.BaseContinuationImpl.resumeWith(ContinuationImpl.kt:33)
	at kotlinx.coroutines.DispatchedTask.run(DispatchedTask.kt:106)
	at kotlinx.coroutines.scheduling.CoroutineScheduler.runSafely(CoroutineScheduler.kt:570)
	at kotlinx.coroutines.scheduling.CoroutineScheduler$Worker.executeTask(CoroutineScheduler.kt:750)
	at kotlinx.coroutines.scheduling.CoroutineScheduler$Worker.runWorker(CoroutineScheduler.kt:677)
	at kotlinx.coroutines.scheduling.CoroutineScheduler$Worker.run(CoroutineScheduler.kt:664)
Caused by: net.mamoe.mirai.network.BotAuthorizationException: BotAuthorization(BotAuthorization.byPassword(<ERASED>)) threw an exception during authorization process. See cause below.
	at net.mamoe.mirai.internal.network.components.SsoProcessorImpl.login(SsoProcessor.kt:263)
	at net.mamoe.mirai.internal.network.handler.CommonNetworkHandler$StateConnecting$startState$2.invokeSuspend(CommonNetworkHandler.kt:247)
	... 6 more
	Suppressed: net.mamoe.mirai.network.WrongPasswordException: Error(bot=Bot(3079809050), code=237, title=å®‰å…¨æé†’, message=å½“å‰ç½‘ç»œä¸ç¨³å®šï¼Œç™»å½•å¤±è´¥ã€‚æ¨èä½¿ç”¨å¸¸ç”¨è®¾å¤‡æˆ–é€šè¿‡æ‰‹æœºå·ç™»å½•ã€‚, errorInfo=)
		at net.mamoe.mirai.internal.network.components.SsoProcessorImpl$SlowLoginImpl.doLogin(SsoProcessor.kt:490)
		at net.mamoe.mirai.internal.network.components.SsoProcessorImpl$SlowLoginImpl$doLogin$1.invokeSuspend(SsoProcessor.kt)
		at kotlin.coroutines.jvm.internal.BaseContinuationImpl.resumeWith(ContinuationImpl.kt:33)
		at kotlinx.coroutines.internal.ScopeCoroutine.afterResume(Scopes.kt:33)
		at kotlinx.coroutines.AbstractCoroutine.resumeWith(AbstractCoroutine.kt:102)
		at kotlin.coroutines.jvm.internal.BaseContinuationImpl.resumeWith(ContinuationImpl.kt:46)
		... 5 more
Caused by: [CIRCULAR REFERENCE: net.mamoe.mirai.network.WrongPasswordException: Error(bot=Bot(3079809050), code=237, title=å®‰å…¨æé†’, message=å½“å‰ç½‘ç»œä¸ç¨³å®šï¼Œç™»å½•å¤±è´¥ã€‚æ¨èä½¿ç”¨å¸¸ç”¨è®¾å¤‡æˆ–é€šè¿‡æ‰‹æœºå·ç™»å½•ã€‚, errorInfo=)]
[0m
[93m2024-03-12 14:43:27 W/Net 3079809050: Network selector received exception, closing bot. (net.mamoe.mirai.internal.network.components.LoginFailedExceptionAsNetworkException: BotAuthorization(BotAuthorization.byPassword(<ERASED>)) threw an exception during authorization process. See cause below.)[0m
[0m2024-03-12 14:50:55 V/Net 3079809050: Hash not match. Invaliding caches.....[0m
[0m2024-03-12 14:50:55 V/Net 3079809050: No server list cached.[0m
[92m2024-03-12 14:50:55 I/Net 3079809050: EncryptService SPI is not provided, sso secure ecdh will not be initialized.[0m
[92m2024-03-12 14:50:56 I/Net 3079809050: ECDH key is invalid, start to fetch ecdh public key from server.[0m
[92m2024-03-12 14:50:56 I/Net 3079809050: Successfully fetched ecdh public key from server.[0m
[0m2024-03-12 14:50:56 V/Net 3079809050: [AuthControl/acquire] Acquiring auth method[0m
[96m2024-03-12 14:50:56 D/Net 3079809050: [AuthControl/acquire] Authorization responded: QRCode[0m
[96m2024-03-12 14:50:56 D/Net 3079809050: requesting qrcode.[0m
[0m2024-03-12 14:50:56 V/Net 3079809050: Send: wtlogin.trans_emp[0m
[0m2024-03-12 14:50:57 V/Net 3079809050: Recv: wtlogin.trans_emp[0m
[96m2024-03-12 14:50:57 D/Net 3079809050: querying qrcode state.[0m
[0m2024-03-12 14:50:57 V/Net 3079809050: Send: wtlogin.trans_emp[0m
[0m2024-03-12 14:50:57 V/Net 3079809050: Recv: wtlogin.trans_emp[0m
[96m2024-03-12 14:50:57 D/Net 3079809050: qrcode state changed: WAITING_FOR_SCAN[0m
[96m2024-03-12 14:51:02 D/Net 3079809050: querying qrcode state.[0m
[0m2024-03-12 14:51:02 V/Net 3079809050: Send: wtlogin.trans_emp[0m
[0m2024-03-12 14:51:02 V/Net 3079809050: Recv: wtlogin.trans_emp[0m
[96m2024-03-12 14:51:07 D/Net 3079809050: querying qrcode state.[0m
[0m2024-03-12 14:51:07 V/Net 3079809050: Send: wtlogin.trans_emp[0m
[96m2024-03-12 14:51:07 D/Net 3079809050: qrcode state changed: WAITING_FOR_CONFIRM[0m
[0m2024-03-12 14:51:07 V/Net 3079809050: Recv: wtlogin.trans_emp[0m
[96m2024-03-12 14:51:12 D/Net 3079809050: querying qrcode state.[0m
[0m2024-03-12 14:51:12 V/Net 3079809050: Send: wtlogin.trans_emp[0m
[0m2024-03-12 14:51:12 V/Net 3079809050: Recv: wtlogin.trans_emp[0m
[96m2024-03-12 14:51:12 D/Net 3079809050: qrcode state changed: CONFIRMED[0m
[0m2024-03-12 14:51:12 V/Net 3079809050: Send: wtlogin.login(9:qrcode-login)[0m
[0m2024-03-12 14:51:13 V/Net 3079809050: [AuthControl/resume] Fire auth completed[0m
[0m2024-03-12 14:51:13 V/Net 3079809050: Recv: wtlogin.login[0m
[0m2024-03-12 14:51:13 V/Net 3079809050: Send: StatSvc.register(online)[0m
[92m2024-03-12 14:51:13 I/Net 3079809050: Server time updated, serverTime: 1710226273, diff: 0ms=0.0s[0m
[0m2024-03-12 14:51:13 V/Net 3079809050: Recv: StatSvc.register[0m
[0m2024-03-12 14:51:13 V/Net 3079809050: No BdhSession cache[0m
[92m2024-03-12 14:51:13 I/Net 3079809050: Syncing friend message history...[0m
[92m2024-03-12 14:51:13 I/Net 3079809050: Start loading friend list...[0m
[92m2024-03-12 14:51:13 I/Net 3079809050: Start loading stranger list...[0m
[92m2024-03-12 14:51:13 I/Net 3079809050: Start loading friendGroup list...[0m
[0m2024-03-12 14:51:13 V/Net 3079809050: Send: StatSvc.GetDevLoginInfo(StatSvc.GetDevLoginInfo)[0m
[0m2024-03-12 14:51:13 V/Net 3079809050: Send: OidbSvc.0x496(OidbSvc.0x496)[0m
[0m2024-03-12 14:51:13 V/Net 3079809050: Send: friendlist.getFriendGroupList(friendlist.getFriendGroupList)[0m
[0m2024-03-12 14:51:13 V/Net 3079809050: Send: friendlist.getFriendGroupList(friendlist.getFriendGroupList)[0m
[0m2024-03-12 14:51:13 V/Net 3079809050: Send: OidbSvc.0x5d2_0(OidbSvc.0x5d2_0)[0m
[0m2024-03-12 14:51:13 V/Net 3079809050: Recv: OidbSvc.0x5d2_0[0m
[92m2024-03-12 14:51:13 I/Net 3079809050: Successfully loaded stranger list: 0 in total[0m
[0m2024-03-12 14:51:13 V/Net 3079809050: Recv: StatSvc.GetDevLoginInfo[0m
[92m2024-03-12 14:51:13 I/Net 3079809050: Online OtherClients: M2012K11G(MOBILE)[0m
[92m2024-03-12 14:51:13 I/Net 3079809050: Start loading group list...[0m
[0m2024-03-12 14:51:13 V/Net 3079809050: Recv: OidbSvc.0x496[0m
[92m2024-03-12 14:51:13 I/Net 3079809050: Syncing friend message history: Success.[0m
[0m2024-03-12 14:51:13 V/Net 3079809050: Send: friendlist.GetTroopListReqV2(friendlist.GetTroopListReqV2)[0m
[0m2024-03-12 14:51:13 V/Net 3079809050: Recv: friendlist.getFriendGroupList[0m
[0m2024-03-12 14:51:13 V/Net 3079809050: Loading friendGroup list: 1/1[0m
[92m2024-03-12 14:51:13 I/Net 3079809050: Successfully loaded friendGroup list: 1 in total[0m
[0m2024-03-12 14:51:13 V/Net 3079809050: Recv: friendlist.getFriendGroupList[0m
[0m2024-03-12 14:51:13 V/Net 3079809050: Loading friend list: 3/3[0m
[92m2024-03-12 14:51:13 I/Net 3079809050: Successfully loaded friend list: 3 in total[0m
[0m2024-03-12 14:51:13 V/Net 3079809050: Recv: friendlist.GetTroopListReqV2[0m
[0m2024-03-12 14:51:13 V/Net 3079809050: Send: friendlist.GetTroopMemberListReq(friendlist.GetTroopMemberListReq)[0m
[0m2024-03-12 14:51:14 V/Net 3079809050: Recv: friendlist.GetTroopMemberListReq[0m
[92m2024-03-12 14:51:14 I/Net 3079809050: Successfully loaded group list: 1 in total.[0m
[92m2024-03-12 14:51:14 I/Net 3079809050: Scheduled refresh login session in 19d 23h 55min 0.0s.[0m
[92m2024-03-12 14:51:14 I/Net 3079809050: Scheduled key refresh in 23h 55min 0.0s.[0m
[0m2024-03-12 14:51:16 V/Net 3079809050: Server list: 157.255.5.249:80, 182.50.15.44:14000, 157.148.54.141:14000, 157.148.54.16:80, 112.86.231.155:80, 220.194.118.230:8080, 220.194.118.236:443, 220.194.118.230:8080, msfwifi.3g.qq.com:8080, 123.125.0.210:80.[0m
[0m2024-03-12 14:51:16 V/Net 3079809050: No BdhSession to save to cache[0m
[0m2024-03-12 14:51:16 V/Net 3079809050: Saving server list to cache[0m
[0m2024-03-12 14:51:16 V/Net 3079809050: Send: ConfigPushSvc.PushResp(ConfigPushSvc.PushResp)[0m
[0m2024-03-12 14:51:16 V/Net 3079809050: Recv: ConfigPushSvc.PushReq[0m
[0m2024-03-12 14:51:16 V/Net 3079809050: Saving bdh session to cache[0m
[0m2024-03-12 14:51:16 V/Net 3079809050: Send: ConfigPushSvc.PushResp(ConfigPushSvc.PushResp)[0m
[0m2024-03-12 14:51:16 V/Net 3079809050: Recv: ConfigPushSvc.PushReq[0m
[0m2024-03-12 14:52:15 V/Net 3079809050: Recv: StatSvc.SvcReqMSFLoginNotify[0m
[0m2024-03-12 15:01:00 V/Net 3079809050: Send: StatSvc.register(offline)[0m
[0m2024-03-12 15:01:03 V/Net 3079809050: Validated caches.[0m
[0m2024-03-12 15:01:03 V/Net 3079809050: Loading server list from cache.[0m
[0m2024-03-12 15:01:03 V/Net 3079809050: Server list: 157.255.5.249:80, 182.50.15.44:14000, 157.148.54.141:14000, 157.148.54.16:80, 112.86.231.155:80, 220.194.118.230:8080, 220.194.118.236:443, msfwifi.3g.qq.com:8080, 123.125.0.210:80.[0m
[92m2024-03-12 15:01:03 I/Net 3079809050: EncryptService SPI is not provided, sso secure ecdh will not be initialized.[0m
[92m2024-03-12 15:01:03 I/Net 3079809050: ECDH key is valid.[0m
[0m2024-03-12 15:01:03 V/Net 3079809050: Send: wtlogin.exchange_emp(10:fast-login)[0m
[0m2024-03-12 15:01:03 V/Net 3079809050: Recv: wtlogin.exchange_emp[0m
[0m2024-03-12 15:01:03 V/Net 3079809050: Send: StatSvc.register(online)[0m
[92m2024-03-12 15:01:03 I/Net 3079809050: Server time updated, serverTime: 1710226863, diff: 0ms=0.0s[0m
[0m2024-03-12 15:01:03 V/Net 3079809050: Recv: StatSvc.register[0m
[0m2024-03-12 15:01:03 V/Net 3079809050: Loading BdhSession from cache file[0m
[92m2024-03-12 15:01:03 I/Net 3079809050: Syncing friend message history...[0m
[92m2024-03-12 15:01:03 I/Net 3079809050: Start loading stranger list...[0m
[92m2024-03-12 15:01:03 I/Net 3079809050: Start loading friendGroup list...[0m
[92m2024-03-12 15:01:03 I/Net 3079809050: Start loading friend list...[0m
[0m2024-03-12 15:01:03 V/Net 3079809050: Send: OidbSvc.0x496(OidbSvc.0x496)[0m
[0m2024-03-12 15:01:03 V/Net 3079809050: Send: StatSvc.GetDevLoginInfo(StatSvc.GetDevLoginInfo)[0m
[0m2024-03-12 15:01:03 V/Net 3079809050: Send: OidbSvc.0x5d2_0(OidbSvc.0x5d2_0)[0m
[0m2024-03-12 15:01:03 V/Net 3079809050: Send: friendlist.getFriendGroupList(friendlist.getFriendGroupList)[0m
[0m2024-03-12 15:01:03 V/Net 3079809050: Send: friendlist.getFriendGroupList(friendlist.getFriendGroupList)[0m
[92m2024-03-12 15:01:03 I/Net 3079809050: Successfully loaded stranger list: 0 in total[0m
[0m2024-03-12 15:01:03 V/Net 3079809050: Recv: OidbSvc.0x5d2_0[0m
[0m2024-03-12 15:01:03 V/Net 3079809050: Recv: StatSvc.GetDevLoginInfo[0m
[92m2024-03-12 15:01:03 I/Net 3079809050: No OtherClient online.[0m
[92m2024-03-12 15:01:03 I/Net 3079809050: Start loading group list...[0m
[0m2024-03-12 15:01:03 V/Net 3079809050: Recv: OidbSvc.0x496[0m
[0m2024-03-12 15:01:03 V/Net 3079809050: Send: friendlist.GetTroopListReqV2(friendlist.GetTroopListReqV2)[0m
[0m2024-03-12 15:01:03 V/Net 3079809050: Recv: friendlist.getFriendGroupList[0m
[0m2024-03-12 15:01:03 V/Net 3079809050: Loading friend list: 3/3[0m
[92m2024-03-12 15:01:03 I/Net 3079809050: Successfully loaded friend list: 3 in total[0m
[0m2024-03-12 15:01:03 V/Net 3079809050: Recv: friendlist.getFriendGroupList[0m
[0m2024-03-12 15:01:03 V/Net 3079809050: Loading friendGroup list: 1/1[0m
[92m2024-03-12 15:01:03 I/Net 3079809050: Successfully loaded friendGroup list: 1 in total[0m
[0m2024-03-12 15:01:03 V/Net 3079809050: Recv: friendlist.GetTroopListReqV2[0m
[0m2024-03-12 15:01:03 V/Net 3079809050: Send: friendlist.GetTroopMemberListReq(friendlist.GetTroopMemberListReq)[0m
[92m2024-03-12 15:01:03 I/Net 3079809050: Syncing friend message history: Success.[0m
[0m2024-03-12 15:01:03 V/Net 3079809050: Recv: friendlist.GetTroopMemberListReq[0m
[92m2024-03-12 15:01:03 I/Net 3079809050: Successfully loaded group list: 1 in total.[0m
[92m2024-03-12 15:01:03 I/Net 3079809050: Scheduled key refresh in 23h 55min 0.0s.[0m
[92m2024-03-12 15:01:03 I/Net 3079809050: Scheduled refresh login session in 19d 23h 55min 0.0s.[0m
[0m2024-03-12 15:01:06 V/Net 3079809050: Server list: 182.50.8.188:80, 123.125.0.210:80, 111.206.149.168:8080, msfwifi.3g.qq.com:8080, 123.125.0.195:443, 157.148.57.99:14000, 59.83.207.254:14000, 157.255.5.249:80, 220.194.118.236:8080, 157.148.57.99:80.[0m
[0m2024-03-12 15:01:06 V/Net 3079809050: Saving bdh session to cache[0m
[0m2024-03-12 15:01:06 V/Net 3079809050: Saving server list to cache[0m
[0m2024-03-12 15:01:06 V/Net 3079809050: Send: ConfigPushSvc.PushResp(ConfigPushSvc.PushResp)[0m
[0m2024-03-12 15:01:06 V/Net 3079809050: Recv: ConfigPushSvc.PushReq[0m
[0m2024-03-12 15:01:07 V/Net 3079809050: Send: StatSvc.register(offline)[0m
[0m2024-03-12 15:44:45 V/Net 3079809050: Validated caches.[0m
[0m2024-03-12 15:44:45 V/Net 3079809050: Loading server list from cache.[0m
[0m2024-03-12 15:44:45 V/Net 3079809050: Server list: 182.50.8.188:80, 123.125.0.210:80, 111.206.149.168:8080, msfwifi.3g.qq.com:8080, 123.125.0.195:443, 157.148.57.99:14000, 59.83.207.254:14000, 157.255.5.249:80, 220.194.118.236:8080, 157.148.57.99:80.[0m
[92m2024-03-12 15:44:45 I/Net 3079809050: EncryptService SPI is not provided, sso secure ecdh will not be initialized.[0m
[92m2024-03-12 15:44:45 I/Net 3079809050: ECDH key is valid.[0m
[0m2024-03-12 15:44:45 V/Net 3079809050: Send: wtlogin.exchange_emp(10:fast-login)[0m
[0m2024-03-12 15:44:45 V/Net 3079809050: Recv: wtlogin.exchange_emp[0m
[0m2024-03-12 15:44:45 V/Net 3079809050: Send: StatSvc.register(online)[0m
[92m2024-03-12 15:44:46 I/Net 3079809050: Server time updated, serverTime: 1710229485, diff: -1ms=-0.001s[0m
[0m2024-03-12 15:44:46 V/Net 3079809050: Recv: StatSvc.register[0m
[0m2024-03-12 15:44:46 V/Net 3079809050: Loading BdhSession from cache file[0m
[92m2024-03-12 15:44:46 I/Net 3079809050: Syncing friend message history...[0m
[92m2024-03-12 15:44:46 I/Net 3079809050: Start loading friend list...[0m
[92m2024-03-12 15:44:46 I/Net 3079809050: Start loading stranger list...[0m
[92m2024-03-12 15:44:46 I/Net 3079809050: Start loading friendGroup list...[0m
[0m2024-03-12 15:44:46 V/Net 3079809050: Send: StatSvc.GetDevLoginInfo(StatSvc.GetDevLoginInfo)[0m
[0m2024-03-12 15:44:46 V/Net 3079809050: Send: OidbSvc.0x496(OidbSvc.0x496)[0m
[0m2024-03-12 15:44:46 V/Net 3079809050: Send: OidbSvc.0x5d2_0(OidbSvc.0x5d2_0)[0m
[0m2024-03-12 15:44:46 V/Net 3079809050: Send: friendlist.getFriendGroupList(friendlist.getFriendGroupList)[0m
[0m2024-03-12 15:44:46 V/Net 3079809050: Send: friendlist.getFriendGroupList(friendlist.getFriendGroupList)[0m
[0m2024-03-12 15:44:46 V/Net 3079809050: Recv: OidbSvc.0x5d2_0[0m
[92m2024-03-12 15:44:46 I/Net 3079809050: Successfully loaded stranger list: 0 in total[0m
[0m2024-03-12 15:44:46 V/Net 3079809050: Recv: StatSvc.GetDevLoginInfo[0m
[92m2024-03-12 15:44:46 I/Net 3079809050: No OtherClient online.[0m
[0m2024-03-12 15:44:46 V/Net 3079809050: Recv: OidbSvc.0x496[0m
[92m2024-03-12 15:44:46 I/Net 3079809050: Start loading group list...[0m
[92m2024-03-12 15:44:46 I/Net 3079809050: Syncing friend message history: Success.[0m
[0m2024-03-12 15:44:46 V/Net 3079809050: Send: friendlist.GetTroopListReqV2(friendlist.GetTroopListReqV2)[0m
[0m2024-03-12 15:44:46 V/Net 3079809050: Recv: friendlist.getFriendGroupList[0m
[0m2024-03-12 15:44:46 V/Net 3079809050: Loading friendGroup list: 1/1[0m
[92m2024-03-12 15:44:46 I/Net 3079809050: Successfully loaded friendGroup list: 1 in total[0m
[0m2024-03-12 15:44:46 V/Net 3079809050: Recv: friendlist.getFriendGroupList[0m
[0m2024-03-12 15:44:46 V/Net 3079809050: Loading friend list: 3/3[0m
[92m2024-03-12 15:44:46 I/Net 3079809050: Successfully loaded friend list: 3 in total[0m
[0m2024-03-12 15:44:46 V/Net 3079809050: Recv: friendlist.GetTroopListReqV2[0m
[0m2024-03-12 15:44:46 V/Net 3079809050: Send: friendlist.GetTroopMemberListReq(friendlist.GetTroopMemberListReq)[0m
[0m2024-03-12 15:44:46 V/Net 3079809050: Recv: friendlist.GetTroopMemberListReq[0m
[92m2024-03-12 15:44:46 I/Net 3079809050: Successfully loaded group list: 1 in total.[0m
[92m2024-03-12 15:44:46 I/Net 3079809050: Scheduled refresh login session in 19d 23h 55min 0.0s.[0m
[92m2024-03-12 15:44:46 I/Net 3079809050: Scheduled key refresh in 23h 55min 0.0s.[0m
[0m2024-03-12 15:44:49 V/Net 3079809050: Server list: 123.125.0.194:80, 153.3.46.25:14000, 60.29.242.161:8080, 111.206.149.168:443, 157.148.55.96:80, 153.3.149.95:80, 157.148.54.249:14000, 123.125.0.194:8080, msfwifi.3g.qq.com:8080, 157.148.54.249:80.[0m
[0m2024-03-12 15:44:49 V/Net 3079809050: Saving bdh session to cache[0m
[0m2024-03-12 15:44:49 V/Net 3079809050: Saving server list to cache[0m
[0m2024-03-12 15:44:49 V/Net 3079809050: Send: ConfigPushSvc.PushResp(ConfigPushSvc.PushResp)[0m
[0m2024-03-12 15:44:49 V/Net 3079809050: Recv: ConfigPushSvc.PushReq[0m
[0m2024-03-12 15:44:49 V/Net 3079809050: Saving bdh session to cache[0m
[0m2024-03-12 15:44:49 V/Net 3079809050: Send: ConfigPushSvc.PushResp(ConfigPushSvc.PushResp)[0m
[0m2024-03-12 15:44:49 V/Net 3079809050: Recv: ConfigPushSvc.PushReq[0m
[0m2024-03-12 16:04:03 V/Net 3079809050: Send: LongConn.OffPicUp(LongConn.OffPicUp)[0m
[0m2024-03-12 16:04:03 V/Net 3079809050: Recv: LongConn.OffPicUp[0m
[0m2024-03-12 16:04:03 V/Net 3079809050: [Highway] Uploading private image to 157.148.63.103:14000, size=556.24 KiB[0m
[0m2024-03-12 16:04:05 V/Net 3079809050: [Highway] Uploading private image: succeed at 302 KiB/s[0m
[0m2024-03-12 16:04:05 V/Net 3079809050: Send: LongConn.OffPicUp(LongConn.OffPicUp)[0m
[0m2024-03-12 16:04:05 V/Net 3079809050: Recv: LongConn.OffPicUp[0m
[0m2024-03-12 16:04:05 V/Net 3079809050: [Highway] Uploading private image to 116.130.223.119:8080, size=270.92 KiB[0m
[0m2024-03-12 16:04:07 V/Net 3079809050: [Highway] Uploading private image: succeed at 174 KiB/s[0m
[0m2024-03-12 16:04:07 V/Net 3079809050: Send: LongConn.OffPicUp(LongConn.OffPicUp)[0m
[0m2024-03-12 16:04:07 V/Net 3079809050: Recv: LongConn.OffPicUp[0m
[0m2024-03-12 16:04:07 V/Net 3079809050: [Highway] Uploading private image to 112.86.230.221:80, size=307.22 KiB[0m
[0m2024-03-12 16:04:09 V/Net 3079809050: [Highway] Uploading private image: succeed at 179 KiB/s[0m
[0m2024-03-12 16:04:09 V/Net 3079809050: Send: LongConn.OffPicUp(LongConn.OffPicUp)[0m
[0m2024-03-12 16:04:09 V/Net 3079809050: [Highway] Uploading private image to 157.148.36.32:443, size=547.25 KiB[0m
[0m2024-03-12 16:04:09 V/Net 3079809050: Recv: LongConn.OffPicUp[0m
[0m2024-03-12 16:04:11 V/Net 3079809050: [Highway] Uploading private image: succeed at 296 KiB/s[0m
[0m2024-03-12 16:04:11 V/Net 3079809050: Send: LongConn.OffPicUp(LongConn.OffPicUp)[0m
[0m2024-03-12 16:04:11 V/Net 3079809050: Recv: LongConn.OffPicUp[0m
[0m2024-03-12 16:04:11 V/Net 3079809050: [Highway] Uploading private image to 157.148.36.32:443, size=27.61 KiB[0m
[0m2024-03-12 16:04:12 V/Net 3079809050: [Highway] Uploading private image: succeed at 114 KiB/s[0m
[0m2024-03-12 16:04:12 V/Net 3079809050: Send: LongConn.OffPicUp(LongConn.OffPicUp)[0m
[0m2024-03-12 16:04:12 V/Net 3079809050: Recv: LongConn.OffPicUp[0m
[0m2024-03-12 16:04:12 V/Net 3079809050: [Highway] Uploading private image to 157.148.36.32:443, size=19.34 KiB[0m
[0m2024-03-12 16:04:12 V/Net 3079809050: [Highway] Uploading private image: succeed at 83 KiB/s[0m
[0m2024-03-12 16:04:12 V/Net 3079809050: Send: LongConn.OffPicUp(LongConn.OffPicUp)[0m
[0m2024-03-12 16:04:12 V/Net 3079809050: Recv: LongConn.OffPicUp[0m
[0m2024-03-12 16:04:12 V/Net 3079809050: [Highway] Uploading private image to 157.148.63.103:14000, size=494.98 KiB[0m
[0m2024-03-12 16:04:14 V/Net 3079809050: [Highway] Uploading private image: succeed at 252 KiB/s[0m
[0m2024-03-12 16:04:14 V/Net 3079809050: Send: LongConn.OffPicUp(LongConn.OffPicUp)[0m
[0m2024-03-12 16:04:14 V/Net 3079809050: Recv: LongConn.OffPicUp[0m
[0m2024-03-12 16:04:14 V/Net 3079809050: [Highway] Uploading private image to 112.86.230.221:80, size=454.97 KiB[0m
[0m2024-03-12 16:04:16 V/Net 3079809050: [Highway] Uploading private image: succeed at 223 KiB/s[0m
[0m2024-03-12 16:04:16 V/Net 3079809050: Send: LongConn.OffPicUp(LongConn.OffPicUp)[0m
[0m2024-03-12 16:04:17 V/Net 3079809050: Recv: LongConn.OffPicUp[0m
[0m2024-03-12 16:04:17 V/Net 3079809050: [Highway] Uploading private image to 116.130.223.119:8080, size=521.58 KiB[0m
[0m2024-03-12 16:04:19 V/Net 3079809050: [Highway] Uploading private image: succeed at 198 KiB/s[0m
[0m2024-03-12 16:04:19 V/Net 3079809050: Send: LongConn.OffPicUp(LongConn.OffPicUp)[0m
[0m2024-03-12 16:04:19 V/Net 3079809050: Recv: LongConn.OffPicUp[0m
[0m2024-03-12 16:04:19 V/Net 3079809050: [Highway] Uploading private image to 112.86.230.221:80, size=420.69 KiB[0m
[0m2024-03-12 16:04:21 V/Net 3079809050: [Highway] Uploading private image: succeed at 220 KiB/s[0m
[0m2024-03-12 16:04:21 V/Net 3079809050: Send: MessageSvc.PbSendMsg(MessageSvc.PbSendMsg)[0m
[0m2024-03-12 16:04:22 V/Net 3079809050: Recv: MessageSvc.PbSendMsg[0m
[0m2024-03-12 16:05:20 V/Net 3079809050: Send: LongConn.OffPicUp(LongConn.OffPicUp)[0m
[0m2024-03-12 16:05:21 V/Net 3079809050: Recv: LongConn.OffPicUp[0m
[0m2024-03-12 16:05:21 V/Net 3079809050: [Highway] Uploading private image to 116.130.223.119:8080, size=1784.83 KiB[0m
[0m2024-03-12 16:05:26 V/Net 3079809050: [Highway] Uploading private image: succeed at 319 KiB/s[0m
[0m2024-03-12 16:05:26 V/Net 3079809050: Send: LongConn.OffPicUp(LongConn.OffPicUp)[0m
[0m2024-03-12 16:05:26 V/Net 3079809050: Recv: LongConn.OffPicUp[0m
[0m2024-03-12 16:05:26 V/Net 3079809050: [Highway] Uploading private image to 116.130.223.119:8080, size=1861.25 KiB[0m
[0m2024-03-12 16:05:35 V/Net 3079809050: [Highway] Uploading private image: succeed at 217 KiB/s[0m
[0m2024-03-12 16:05:35 V/Net 3079809050: Send: MessageSvc.PbSendMsg(MessageSvc.PbSendMsg)[0m
[0m2024-03-12 16:05:35 V/Net 3079809050: Recv: MessageSvc.PbSendMsg[0m
[0m2024-03-12 16:06:44 V/Net 3079809050: Send: StatSvc.register(offline)[0m
